<?xml version="1.0" encoding="UTF-8"?>
<!-- Generated by org.testng.reporters.JUnitXMLReporter -->
<testsuite ignored="0" hostname="QA" failures="1" tests="2" name="Surefire test" time="20.278" errors="0" timestamp="2023-11-30T12:22:21 IST">
  <testcase classname="io.cucumber.testng.AbstractTestNGCucumberTests" name="runScenario" time="10.982"/>
  <testcase classname="io.cucumber.testng.AbstractTestNGCucumberTests" name="runScenario" time="8.111">
    <failure type="java.lang.AssertionError" message="expected [Beetroot] but found [No data]">
      <![CDATA[java.lang.AssertionError: expected [Beetroot] but found [No data]
at stepDefination.OfferPageStepDefination.validate_product_name_matches_in_offerpage_with_landingpage(OfferPageStepDefination.java:78)
at ✽.validate product name matches in offerpage with landingpage(file:///C:/Users/patan/eclipse-workspace/APIBasics/apsbbg/src/test/java/features/tomotoproduct.feature:7)
... Removed 6 stack frames]]>
    </failure>
  </testcase> <!-- runScenario -->
</testsuite> <!-- Surefire test -->
