<?xml version="1.0" encoding="UTF-8"?>
<!-- Generated by org.testng.reporters.JUnitReportReporter -->
<testsuite hostname="QA" failures="1" tests="2" name="cucumberOptions.TestNGtestRunner" time="19.093" errors="0" timestamp="2023-11-30T12:22:21 IST" skipped="0">
  <testcase classname="cucumberOptions.TestNGtestRunner" name="runScenario" time="10.982"/>
  <system-out/>
  <testcase classname="cucumberOptions.TestNGtestRunner" name="runScenario" time="8.111">
    <failure message="expected [Beetroot] but found [No data]" type="java.lang.AssertionError">
      <![CDATA[java.lang.AssertionError: expected [Beetroot] but found [No data]
at org.testng.Assert.fail(Assert.java:110)
at org.testng.Assert.failNotEquals(Assert.java:1413)
at org.testng.Assert.assertEqualsImpl(Assert.java:149)
at org.testng.Assert.assertEquals(Assert.java:131)
at org.testng.Assert.assertEquals(Assert.java:655)
at org.testng.Assert.assertEquals(Assert.java:665)
at stepDefination.OfferPageStepDefination.validate_product_name_matches_in_offerpage_with_landingpage(OfferPageStepDefination.java:78)
at ✽.validate product name matches in offerpage with landingpage(file:///C:/Users/patan/eclipse-workspace/APIBasics/apsbbg/src/test/java/features/tomotoproduct.feature:7)
]]>
    </failure>
  </testcase> <!-- runScenario -->
  <system-out/>
</testsuite> <!-- cucumberOptions.TestNGtestRunner -->
